<?xml version="1.0" encoding="UTF-8"?>
<!-- Generated by org.testng.reporters.JUnitXMLReporter -->
<testsuite hostname="PULIVARS2" ignored="0" name="Default test" tests="4" failures="0" timestamp="2020-02-11T18:38:33 IST" time="151.321" errors="0">
  <testcase name="Validate_Markeing_Page" time="28.145" classname="MarketingTest.TestMarketing"/>
  <testcase name="Validate_AMO_Page" time="16.608" classname="MarketingTest.TestMarketing"/>
  <testcase name="Validate_Features_Page" time="28.304" classname="MarketingTest.TestMarketing"/>
  <testcase name="Validate_PRL_Page" time="16.153" classname="MarketingTest.TestMarketing"/>
</testsuite> <!-- Default test -->
